0 info it worked if it ends with ok
1 verbose cli [ '/Users/NoBey/.nvm/versions/node/v4.4.0/bin/node',
1 verbose cli   '/Users/NoBey/.nvm/versions/node/v4.4.0/bin/npm',
1 verbose cli   'publish' ]
2 info using npm@2.9.1
3 info using node@v4.4.0
4 verbose publish [ '.' ]
5 silly cache add args [ '.', null ]
6 verbose cache add spec .
7 silly cache add parsed spec Result {
7 silly cache add   raw: '.',
7 silly cache add   scope: null,
7 silly cache add   name: null,
7 silly cache add   rawSpec: '.',
7 silly cache add   spec: '/Users/NoBey/nq',
7 silly cache add   type: 'directory' }
8 verbose addLocalDirectory /Users/NoBey/.npm/NQ-core/1.0.2/package.tgz not in flight; packing
9 verbose tar pack [ '/Users/NoBey/.npm/NQ-core/1.0.2/package.tgz',
9 verbose tar pack   '/Users/NoBey/nq' ]
10 verbose tarball /Users/NoBey/.npm/NQ-core/1.0.2/package.tgz
11 verbose folder /Users/NoBey/nq
12 info prepublish NQ-core@1.0.2
13 verbose addLocalTarball adding from inside cache /Users/NoBey/.npm/NQ-core/1.0.2/package.tgz
14 silly cache afterAdd NQ-core@1.0.2
15 verbose afterAdd /Users/NoBey/.npm/NQ-core/1.0.2/package/package.json not in flight; writing
16 verbose afterAdd /Users/NoBey/.npm/NQ-core/1.0.2/package/package.json written
17 silly publish { name: 'NQ-core',
17 silly publish   version: '1.0.2',
17 silly publish   description: '仅供学习  NQ.js  基础dom操作库 模块化开发 es6 方 开发中',
17 silly publish   main: 'build/main.js',
17 silly publish   scripts: { test: 'echo "Error: no test specified" && exit 1' },
17 silly publish   repository: { type: 'git', url: 'git+https://github.com/NoBey/NQ.js.git' },
17 silly publish   author: '',
17 silly publish   license: 'ISC',
17 silly publish   bugs: { url: 'https://github.com/NoBey/NQ.js/issues' },
17 silly publish   homepage: 'https://github.com/NoBey/NQ.js#readme',
17 silly publish   dependencies:
17 silly publish    { babel: '^6.5.2',
17 silly publish      'babel-core': '^6.13.2',
17 silly publish      'babel-preset-es2015': '^6.13.2' },
17 silly publish   readme: '# NQ.js\n仅供学习\n NQ.js  基础dom操作库 模块化开发 es6 方\n开发中\n',
17 silly publish   readmeFilename: 'README.md',
17 silly publish   gitHead: '6db044859255c1039b6d8f73198e454a463c7409',
17 silly publish   _id: 'NQ-core@1.0.2',
17 silly publish   _shasum: 'acafc8bb6fc8332ca51eeadb4f0e85def300b1b3',
17 silly publish   _from: '.' }
18 verbose getPublishConfig undefined
19 silly mapToRegistry name NQ-core
20 silly mapToRegistry using default registry
21 silly mapToRegistry registry https://registry.npmjs.org/
22 silly mapToRegistry uri https://registry.npmjs.org/NQ-core
23 verbose publish registryBase https://registry.npmjs.org/
24 silly publish uploading /Users/NoBey/.npm/NQ-core/1.0.2/package.tgz
25 verbose stack Error: Invalid name: "NQ-core"
25 verbose stack     at ensureValidName (/Users/NoBey/.nvm/versions/node/v4.4.0/lib/node_modules/npm/node_modules/normalize-package-data/lib/fixer.js:310:15)
25 verbose stack     at Object.module.exports.fixNameField (/Users/NoBey/.nvm/versions/node/v4.4.0/lib/node_modules/npm/node_modules/normalize-package-data/lib/fixer.js:205:5)
25 verbose stack     at CachingRegistryClient.publish (/Users/NoBey/.nvm/versions/node/v4.4.0/lib/node_modules/npm/node_modules/npm-registry-client/lib/publish.js:41:11)
25 verbose stack     at /Users/NoBey/.nvm/versions/node/v4.4.0/lib/node_modules/npm/lib/publish.js:134:14
25 verbose stack     at mapToRegistry (/Users/NoBey/.nvm/versions/node/v4.4.0/lib/node_modules/npm/lib/utils/map-to-registry.js:55:3)
25 verbose stack     at publish_ (/Users/NoBey/.nvm/versions/node/v4.4.0/lib/node_modules/npm/lib/publish.js:104:3)
25 verbose stack     at Array.<anonymous> (/Users/NoBey/.nvm/versions/node/v4.4.0/lib/node_modules/npm/node_modules/slide/lib/bind-actor.js:15:8)
25 verbose stack     at LOOP (/Users/NoBey/.nvm/versions/node/v4.4.0/lib/node_modules/npm/node_modules/slide/lib/chain.js:15:14)
25 verbose stack     at LOOP (/Users/NoBey/.nvm/versions/node/v4.4.0/lib/node_modules/npm/node_modules/slide/lib/chain.js:14:28)
25 verbose stack     at chain (/Users/NoBey/.nvm/versions/node/v4.4.0/lib/node_modules/npm/node_modules/slide/lib/chain.js:20:5)
26 verbose cwd /Users/NoBey/nq
27 error Darwin 15.3.0
28 error argv "/Users/NoBey/.nvm/versions/node/v4.4.0/bin/node" "/Users/NoBey/.nvm/versions/node/v4.4.0/bin/npm" "publish"
29 error node v4.4.0
30 error npm  v2.9.1
31 error Invalid name: "NQ-core"
32 error If you need help, you may report this error at:
32 error     <https://github.com/npm/npm/issues>
33 verbose exit [ 1, true ]
